run_id=20260815-195300
evidence_dir=/home/reyam/soc-operations-lab/evidence/cardinality/run-20260815-195300

### Local repository state (pre-change)
?? artifacts/
?? docs/images_index.json
?? docs/portscan-cardinality-analysis.md
?? evidence/cardinality/
?? evidence/sysmon-eid3-test/
?? scripts/replay_events.sh

### Manager ruleset backup with SHA-256
e9ee3e1de767a0052a45c07040830f5fc265f1311d4f79b11fb118cdc9f4d33b  /var/ossec/etc/rules/local_rules.xml
e9ee3e1de767a0052a45c07040830f5fc265f1311d4f79b11fb118cdc9f4d33b  /var/ossec/etc/rules/local_rules.xml.bak-20260815-195300
backup=/var/ossec/etc/rules/local_rules.xml.bak-20260815-195300 mode=660 owner=wazuh:wazuh

### Copy backup content to GitBackup (local-only)
e9ee3e1de767a0052a45c07040830f5fc265f1311d4f79b11fb118cdc9f4d33b  /home/reyam/GitBackup/cardinality-backups/local_rules.xml.bak-20260815-195300

### Rules 100500/100501/100502
  <rule id="100500" level="6">
    <if_sid>60001</if_sid>
    <field name="win.system.channel">^Security$</field>
    <field name="win.system.eventID">^5152$|^5157$</field>
    <field name="win.eventdata.direction">^%%14592$</field>
    <field name="win.eventdata.protocol">^6$</field>
    <field name="win.eventdata.sourceAddress">^192\.168\.56\.</field>
    <field name="win.eventdata.destAddress">^192\.168\.56\.20$</field>
    <options>no_log</options>
    <description>WFP port-scan tracking base: Attack/Lab TCP block to Windows</description>
  </rule>
  <rule id="100501" level="10" frequency="10" timeframe="60" ignore="60">
    <if_matched_sid>100500</if_matched_sid>
    <same_field>win.eventdata.sourceAddress</same_field>
    <different_field>win.eventdata.destPort</different_field>
    <description>Possible port scan detected via Windows Firewall - 10 different destination ports from same source within 60 seconds</description>
    <group>reconnaissance,port_scan,attack,</group>
    <mitre><id>T1046</id></mitre>
  </rule>
  <rule id="100502" level="13" frequency="14" timeframe="60" ignore="60">
    <if_matched_sid>100500</if_matched_sid>
    <same_field>win.eventdata.sourceAddress</same_field>
    <different_field>win.eventdata.destPort</different_field>
    <description>High-confidence port scan detected via Windows Firewall - 15 different destination ports from same source within 60 seconds</description>
    <group>reconnaissance,port_scan,attack,</group>
    <mitre><id>T1046</id></mitre>
  </rule>

### Existing Sysmon and WFP local rule inventory
20:  <rule id="100500" level="6">
33:  <rule id="100501" level="10" frequency="10" timeframe="60" ignore="60">
43:  <rule id="100502" level="13" frequency="14" timeframe="60" ignore="60">
73:  <rule id="100409" level="1">
87:  <rule id="100420" level="10" frequency="10" timeframe="60">
97:  <rule id="100421" level="13" frequency="15" timeframe="60">

### Event source discovery (local and manager, read-only)
/home/reyam/.local/share/Trash/files/events-2026-08-13T17_25_14.105Z.csv	1823899 bytes
/home/reyam/.local/share/Trash/files/events_miltre-2026-08-13T17_26_01.415Z.csv	1799645 bytes
/home/reyam/soc-operations-lab/artifacts/events-34.json	14396 bytes

### Manager archive locations
/var/ossec/logs/alerts/alerts.json	1330661 bytes
/var/ossec/logs/archives/archives.json	21558790 bytes

### Candidate source profile
candidate= /home/reyam/.local/share/Trash/files/events-2026-08-13T17_25_14.105Z.csv exists= True size= 1823899
columns= ['timestamp', 'agent.name', 'rule.id', 'data.win.system.eventID', 'rule.mitre.technique', 'rule.description', 'rule.level', 'data.win.eventdata.sourceAddress', 'data.win.eventdata.destAddress', 'data.win.eventdata.destPort', 'data.win.eventdata.ruleName', 'data.srcip', 'data.audit.srcip', 'data.aws.resource.instanceDetails.networkInterfaces.publicIp', 'data.netinfo.iface.tx_dropped', 'data.netinfo.iface.rx_dropped', 'data.aws.resource.instanceDetails.networkInterfaces.privateIpAddress', 'data.gcp.resource.labels.location', 'data.aws.source_ip_address']
first_row= {'timestamp': '13 Aug , 2026 @ 12:21:01.920', 'agent.name': 'WIN11-ENDPOINT', 'rule.id': '92154', 'data.win.system.eventID': '7', 'rule.mitre.technique': '["Scheduled Task"]', 'rule.description': 'Process loaded taskschd.dll module. May be used to create delayed malware execution', 'rule.level': '4', 'data.win.eventdata.sourceAddress': '', 'data.win.eventdata.destAddress': '', 'data.win.eventdata.destPort': '', 'data.win.eventdata.ruleName': 'technique_id=T1053,technique_name=Scheduled Task', 'data.srcip': '', 'data.audit.srcip': '', 'data.aws.resource.instanceDetails.networkInterfaces.publicIp': '', 'data.netinfo.iface.tx_dropped': '', 'data.netinfo.iface.rx_dropped': '', 'data.aws.resource.instanceDetails.networkInterfaces.privateIpAddress': '', 'data.gcp.resource.labels.location': '', 'data.aws.source_ip_address': ''}
candidate= /home/reyam/soc-operations-lab/artifacts/events-34.json exists= True size= 14396
type= derived_dashboard_csv_selection status= NOT_ARCHIVE_RAW events= 34

### Archive sample and source/destination match count
{"timestamp":"2026-08-16T00:00:28.580+0000","rule":null,"event_id":"5156","source":"192.168.56.1","dest":"192.168.56.20","port":"5357","raw":"{\"win\":{\"system\":{\"providerName\":\"Microsoft-Windows-Security-Auditing\",\"providerGuid\":\"{54849625-5478-4994-a5ba-3e3b0328c30d}\",\"eventID\":\"5156\",\"version\":\"1\",\"level\":\"0\",\"task\":\"12810\",\"opcode\":\"0\",\"keywords\":\"0x8020000000000000\",\"systemTime\":\"2026-08-15T23:59:58.0206250Z\",\"eventRecordID\":\"673771\",\"processID\":\"4\",\"threadID\":\"6488\",\"channel\":\"Security\",\"computer\":\"WIN11-ENDPOINT\",\"severityValue\":\"AUDIT_SUCCESS\",\"message\":\"\\\"The Windows Filtering Platform has permitted a connection.\\r\\n\\r\\nApplication Information:\\r\\n\\tProcess ID:\\t\\t4\\r\\n\\tApplication Name:\\tSystem\\r\\n\\r\\nNetwork Information:\\r\\n\\tDirection:\\t\\tInbound\\r\\n\\tSource Address:\\t\\t192.168.56.1\\r\\n\\tSource Port:\\t\\t40322\\r\\n\\tDestination Address:\\t192.168.56.20\\r\\n\\tDestination Port:\\t\\t5357\\r\\n\\tProtocol:\\t\\t6\\r\\n\\tInterface Index:\\t\\t7\\r\\n\\r\\nFilter Information:\\r\\n\\tFilter Origin:\\t\\tUnknown\\r\\n\\tFilter Run-Time ID:\\t67735\\r\\n\\tLayer Name:\\t\\tReceive/Accept\\r\\n\\tLayer Run-Time ID:\\t44\\r\\n\\tRemote User ID:\\t\\tS-1-0-0\\r\\n\\tRemote Machine ID:\\tS-1-0-0\\\"\"},\"eventdata\":{\"processID\":\"4\",\"application\":\"System\",\"direction\":\"%%14592\",\"sourceAddress\":\"192.168.56.1\",\"sourcePort\":\"40322\",\"destAddress\":\"192.168.56.20\",\"destPort\":\"5357\",\"protocol\":\"6\",\"interfaceIndex\":\"7\",\"filterOrigin\":\"Unknown\",\"filterRTID\":\"67735\",\"layerName\":\"%%14610\",\"layerRTID\":\"44\",\"remoteUserID\":\"S-1-0-0\",\"remoteMachineID\":\"S-1-0-0\"}}}"}
1

### Parser syntax and cardinality reconstruction

### Cardinality report
INPUT=/home/reyam/.local/share/Trash/files/events-2026-08-13T17_25_14.105Z.csv
TOTAL_EVENTS=34
SESSIONS=1
SESSION={"destination_ip": "192.168.56.20", "ports": [21, 23, 25, 53, 74, 80, 110, 111, 113, 143, 173, 184, 199, 226, 256, 266, 268, 286, 321, 419, 436, 443, 485, 554, 587, 622, 679, 773, 787, 811, 889, 993, 995], "protocol": "unknown", "source_ip": "192.168.56.1", "unique_destination_ports": 33}
EVENT_9_METADATA={"destination_ip": "192.168.56.20", "destination_port": 199, "event_id": "5152", "event_index": 9, "is_unique_port_for_session": true, "protocol": "unknown", "rule_id": "100509", "source_ip": "192.168.56.1", "timestamp": "2026-08-12T22:54:47.990000", "unique_port_count": 9}
EVENT_9_RAW_CSV={"agent.name": "WIN11-ENDPOINT", "data.audit.srcip": "", "data.aws.resource.instanceDetails.networkInterfaces.privateIpAddress": "", "data.aws.resource.instanceDetails.networkInterfaces.publicIp": "", "data.aws.source_ip_address": "", "data.gcp.resource.labels.location": "", "data.netinfo.iface.rx_dropped": "", "data.netinfo.iface.tx_dropped": "", "data.srcip": "", "data.win.eventdata.destAddress": "192.168.56.20", "data.win.eventdata.destPort": "199", "data.win.eventdata.ruleName": "", "data.win.eventdata.sourceAddress": "192.168.56.1", "data.win.system.eventID": "5152", "rule.description": "Inbound TCP packet blocked by Windows Firewall - port scan probe", "rule.id": "100509", "rule.level": "10", "rule.mitre.technique": "[\"Network Service Discovery\"]", "timestamp": "12 Aug , 2026 @ 22:54:47.990"}
EVENT_10_METADATA={"destination_ip": "192.168.56.20", "destination_port": 256, "event_id": "5152", "event_index": 10, "is_unique_port_for_session": true, "protocol": "unknown", "rule_id": "100509", "source_ip": "192.168.56.1", "timestamp": "2026-08-12T22:54:48.038000", "unique_port_count": 10}
EVENT_10_RAW_CSV={"agent.name": "WIN11-ENDPOINT", "data.audit.srcip": "", "data.aws.resource.instanceDetails.networkInterfaces.privateIpAddress": "", "data.aws.resource.instanceDetails.networkInterfaces.publicIp": "", "data.aws.source_ip_address": "", "data.gcp.resource.labels.location": "", "data.netinfo.iface.rx_dropped": "", "data.netinfo.iface.tx_dropped": "", "data.srcip": "", "data.win.eventdata.destAddress": "192.168.56.20", "data.win.eventdata.destPort": "256", "data.win.eventdata.ruleName": "", "data.win.eventdata.sourceAddress": "192.168.56.1", "data.win.system.eventID": "5152", "rule.description": "Inbound TCP packet blocked by Windows Firewall - port scan probe", "rule.id": "100509", "rule.level": "10", "rule.mitre.technique": "[\"Network Service Discovery\"]", "timestamp": "12 Aug , 2026 @ 22:54:48.038"}

### Ordered sequence
event_index  timestamp                   source_ip     destination_ip  protocol  destination_port  is_unique_port_for_session  unique_port_count  event_id  rule_id
1            2026-08-12T22:54:47.865000  192.168.56.1  192.168.56.20   unknown   143               True                        1                  5152      100509
2            2026-08-12T22:54:47.866000  192.168.56.1  192.168.56.20   unknown   993               True                        2                  5152      100509
3            2026-08-12T22:54:47.879000  192.168.56.1  192.168.56.20   unknown   110               True                        3                  5152      100509
4            2026-08-12T22:54:47.895000  192.168.56.1  192.168.56.20   unknown   111               True                        4                  5152      100509
5            2026-08-12T22:54:47.911000  192.168.56.1  192.168.56.20   unknown   995               True                        5                  5152      100509
6            2026-08-12T22:54:47.927000  192.168.56.1  192.168.56.20   unknown   587               True                        6                  5152      100509
7            2026-08-12T22:54:47.943000  192.168.56.1  192.168.56.20   unknown   21                True                        7                  5152      100509
8            2026-08-12T22:54:47.958000  192.168.56.1  192.168.56.20   unknown   23                True                        8                  5152      100509
9            2026-08-12T22:54:47.990000  192.168.56.1  192.168.56.20   unknown   199               True                        9                  5152      100509
10           2026-08-12T22:54:48.038000  192.168.56.1  192.168.56.20   unknown   256               True                        10                 5152      100509
11           2026-08-12T22:54:48.054000  192.168.56.1  192.168.56.20   unknown   554               True                        11                 5152      100509
12           2026-08-12T22:54:48.087000  192.168.56.1  192.168.56.20   unknown   443               True                        12                 5152      100509
13           2026-08-12T22:54:48.104000  192.168.56.1  192.168.56.20   unknown   443               False                       12                 5157      100509
14           2026-08-12T22:54:48.120000  192.168.56.1  192.168.56.20   unknown   25                True                        13                 5152      100509
15           2026-08-12T22:54:48.136000  192.168.56.1  192.168.56.20   unknown   113               True                        14                 5152      100509
16           2026-08-12T22:54:48.166000  192.168.56.1  192.168.56.20   unknown   53                True                        15                 5152      100509
17           2026-08-12T22:54:48.166000  192.168.56.1  192.168.56.20   unknown   80                True                        16                 5152      100509
18           2026-08-12T22:54:48.182000  192.168.56.1  192.168.56.20   unknown   889               True                        17                 5152      100509
19           2026-08-12T22:54:48.199000  192.168.56.1  192.168.56.20   unknown   419               True                        18                 5152      100509
20           2026-08-12T22:54:48.230000  192.168.56.1  192.168.56.20   unknown   485               True                        19                 5152      100509
21           2026-08-12T22:54:48.231000  192.168.56.1  192.168.56.20   unknown   622               True                        20                 5152      100509
22           2026-08-12T22:54:48.246000  192.168.56.1  192.168.56.20   unknown   268               True                        21                 5152      100509
23           2026-08-12T22:54:48.262000  192.168.56.1  192.168.56.20   unknown   286               True                        22                 5152      100509
24           2026-08-12T22:54:48.294000  192.168.56.1  192.168.56.20   unknown   321               True                        23                 5152      100509
25           2026-08-12T22:54:48.294000  192.168.56.1  192.168.56.20   unknown   679               True                        24                 5152      100509
26           2026-08-12T22:54:48.310000  192.168.56.1  192.168.56.20   unknown   226               True                        25                 5152      100509
27           2026-08-12T22:54:48.328000  192.168.56.1  192.168.56.20   unknown   173               True                        26                 5152      100509
28           2026-08-12T22:54:48.361000  192.168.56.1  192.168.56.20   unknown   184               True                        27                 5152      100509
29           2026-08-12T22:54:48.361000  192.168.56.1  192.168.56.20   unknown   811               True                        28                 5152      100509
30           2026-08-12T22:54:48.376000  192.168.56.1  192.168.56.20   unknown   773               True                        29                 5152      100509
31           2026-08-12T22:54:48.391000  192.168.56.1  192.168.56.20   unknown   266               True                        30                 5152      100509
32           2026-08-12T22:54:48.422000  192.168.56.1  192.168.56.20   unknown   436               True                        31                 5152      100509
33           2026-08-12T22:54:48.423000  192.168.56.1  192.168.56.20   unknown   74                True                        32                 5152      100509
34           2026-08-12T22:54:48.438000  192.168.56.1  192.168.56.20   unknown   787               True                        33                 5152      100509

### Sysmon/WFP rule bodies
  <rule id="100409" level="1">
    <if_group>sysmon_event3</if_group>
    <field name="win.eventdata.protocol">^tcp$</field>
    <field name="win.eventdata.sourceIp">^192\.168\.56\.</field>
    <field name="win.eventdata.destinationIp">^192\.168\.56\.20$</field>
    <options>no_log</options>
    <description>Sysmon Event ID 3 port-scan tracking base: Attack/Lab TCP connection to Windows</description>
  </rule>
  <rule id="100420" level="10" frequency="10" timeframe="60">
    <if_matched_sid>100409</if_matched_sid>
    <same_field>win.eventdata.sourceIp</same_field>
    <different_field>win.eventdata.destinationPort</different_field>
    <description>Possible port scan detected via Sysmon Event ID 3 - 10 different destination ports from same source within 60 seconds</description>
    <group>reconnaissance,port_scan,attack,</group>
    <mitre><id>T1046</id></mitre>
  </rule>
  <rule id="100421" level="13" frequency="15" timeframe="60">
    <if_matched_sid>100409</if_matched_sid>
    <same_field>win.eventdata.sourceIp</same_field>
    <different_field>win.eventdata.destinationPort</different_field>
    <description>High-confidence port scan detected via Sysmon Event ID 3 - 15 different destination ports from same source within 60 seconds</description>
    <group>reconnaissance,port_scan,attack,</group>
    <mitre><id>T1046</id></mitre>
  </rule>

### Relevant decoder/rule parents in manager ruleset
/var/ossec/ruleset/rules/0020-syslog_rules.xml:749:  <rule id="9200" level="0" noalert="1">
/var/ossec/ruleset/rules/0020-syslog_rules.xml:754:  <rule id="9201" level="0">
/var/ossec/ruleset/rules/0575-win-base_rules.xml:22:  <rule id="60001" level="0">
/var/ossec/ruleset/rules/0595-win-sysmon_rules.xml:38:  <rule id="61603" level="0">
/var/ossec/ruleset/rules/0595-win-sysmon_rules.xml:256:  <rule id="61618" level="12">
/var/ossec/ruleset/rules/0595-win-sysmon_rules.xml:266:  <rule id="61619" level="0">
/var/ossec/ruleset/rules/0800-sysmon_id_1.xml:11:  <rule id="92000" level="4">
/var/ossec/ruleset/rules/0800-sysmon_id_1.xml:21:  <rule id="92001" level="6">
/var/ossec/ruleset/rules/0800-sysmon_id_1.xml:31:  <rule id="92002" level="6">
/var/ossec/ruleset/rules/0800-sysmon_id_1.xml:41:  <rule id="92003" level="6">
/var/ossec/ruleset/rules/0800-sysmon_id_1.xml:51:  <rule id="92004" level="4">
/var/ossec/ruleset/rules/0800-sysmon_id_1.xml:62:  <rule id="92005" level="4">
/var/ossec/ruleset/rules/0800-sysmon_id_1.xml:73:  <rule id="92006" level="6">
/var/ossec/ruleset/rules/0800-sysmon_id_1.xml:84:  <rule id="92007" level="3">
/var/ossec/ruleset/rules/0800-sysmon_id_1.xml:95:  <rule id="92008" level="12">
/var/ossec/ruleset/rules/0800-sysmon_id_1.xml:105:  <rule id="92009" level="13">
/var/ossec/ruleset/rules/0800-sysmon_id_1.xml:115:  <rule id="92010" level="13">
/var/ossec/ruleset/rules/0800-sysmon_id_1.xml:125:  <rule id="92011" level="13">
/var/ossec/ruleset/rules/0800-sysmon_id_1.xml:135:  <rule id="92012" level="13">
/var/ossec/ruleset/rules/0800-sysmon_id_1.xml:145:  <rule id="92013" level="13">
/var/ossec/ruleset/rules/0800-sysmon_id_1.xml:155:  <rule id="92014" level="13">
/var/ossec/ruleset/rules/0800-sysmon_id_1.xml:165:  <rule id="92015" level="13">
/var/ossec/ruleset/rules/0800-sysmon_id_1.xml:175:  <rule id="92016" level="13">
/var/ossec/ruleset/rules/0800-sysmon_id_1.xml:187:  <rule id="92017" level="13">
/var/ossec/ruleset/rules/0800-sysmon_id_1.xml:198:  <rule id="92018" level="13">
/var/ossec/ruleset/rules/0800-sysmon_id_1.xml:209:  <rule id="92019" level="13">
/var/ossec/ruleset/rules/0800-sysmon_id_1.xml:220:  <rule id="92020" level="6">
/var/ossec/ruleset/rules/0800-sysmon_id_1.xml:231:  <rule id="92021" level="3">
/var/ossec/ruleset/rules/0800-sysmon_id_1.xml:242:  <rule id="92022" level="3">
/var/ossec/ruleset/rules/0800-sysmon_id_1.xml:253:  <rule id="92023" level="8">
/var/ossec/ruleset/rules/0800-sysmon_id_1.xml:265:  <rule id="92024" level="14">
/var/ossec/ruleset/rules/0800-sysmon_id_1.xml:276:  <rule id="92025" level="0">
/var/ossec/ruleset/rules/0800-sysmon_id_1.xml:287:  <rule id="92026" level="14">
/var/ossec/ruleset/rules/0800-sysmon_id_1.xml:297:  <rule id="92027" level="4">
/var/ossec/ruleset/rules/0800-sysmon_id_1.xml:308:  <rule id="92028" level="0">
/var/ossec/ruleset/rules/0800-sysmon_id_1.xml:319:  <rule id="92029" level="6">
/var/ossec/ruleset/rules/0800-sysmon_id_1.xml:329:  <rule id="92030" level="3">
/var/ossec/ruleset/rules/0800-sysmon_id_1.xml:340:  <rule id="92031" level="3">
/var/ossec/ruleset/rules/0800-sysmon_id_1.xml:350:  <rule id="92032" level="3">
/var/ossec/ruleset/rules/0800-sysmon_id_1.xml:362:  <rule id="92033" level="3">
/var/ossec/ruleset/rules/0800-sysmon_id_1.xml:373:  <rule id="92034" level="3">
/var/ossec/ruleset/rules/0800-sysmon_id_1.xml:383:  <rule id="92035" level="3">
/var/ossec/ruleset/rules/0800-sysmon_id_1.xml:394:  <rule id="92036" level="3">
/var/ossec/ruleset/rules/0800-sysmon_id_1.xml:405:  <rule id="92037" level="3">
/var/ossec/ruleset/rules/0800-sysmon_id_1.xml:415:  <rule id="92038" level="12">
/var/ossec/ruleset/rules/0800-sysmon_id_1.xml:426:  <rule id="92039" level="3">
/var/ossec/ruleset/rules/0800-sysmon_id_1.xml:436:  <rule id="92040" level="12">
/var/ossec/ruleset/rules/0800-sysmon_id_1.xml:446:  <rule id="92041" level="10">
/var/ossec/ruleset/rules/0800-sysmon_id_1.xml:457:  <rule id="92042" level="0">
/var/ossec/ruleset/rules/0800-sysmon_id_1.xml:464:  <rule id="92043" level="10">
/var/ossec/ruleset/rules/0800-sysmon_id_1.xml:475:  <rule id="92044" level="14">
/var/ossec/ruleset/rules/0800-sysmon_id_1.xml:485:  <rule id="92045" level="14">
/var/ossec/ruleset/rules/0800-sysmon_id_1.xml:495:  <rule id="92046" level="12">
/var/ossec/ruleset/rules/0800-sysmon_id_1.xml:506:  <rule id="92047" level="12">
/var/ossec/ruleset/rules/0800-sysmon_id_1.xml:517:  <rule id="92048" level="15">
/var/ossec/ruleset/rules/0800-sysmon_id_1.xml:528:  <rule id="92049" level="12">
/var/ossec/ruleset/rules/0800-sysmon_id_1.xml:538:  <rule id="92050" level="12">
/var/ossec/ruleset/rules/0800-sysmon_id_1.xml:549:  <rule id="92051" level="12">
/var/ossec/ruleset/rules/0800-sysmon_id_1.xml:561:  <rule id="92052" level="4">
/var/ossec/ruleset/rules/0800-sysmon_id_1.xml:572:  <rule id="92053" level="12">
/var/ossec/ruleset/rules/0800-sysmon_id_1.xml:582:  <rule id="92054" level="14">
/var/ossec/ruleset/rules/0800-sysmon_id_1.xml:593:  <rule id="92055" level="12">
/var/ossec/ruleset/rules/0800-sysmon_id_1.xml:603:  <rule id="92056" level="14">
/var/ossec/ruleset/rules/0800-sysmon_id_1.xml:613:  <rule id="92057" level="12">
/var/ossec/ruleset/rules/0800-sysmon_id_1.xml:624:  <rule id="92058" level="12">
/var/ossec/ruleset/rules/0800-sysmon_id_1.xml:634:  <rule id="92059" level="14">
/var/ossec/ruleset/rules/0800-sysmon_id_1.xml:645:  <rule id="92060" level="15">
/var/ossec/ruleset/rules/0800-sysmon_id_1.xml:655:  <rule id="92061" level="3">
/var/ossec/ruleset/rules/0800-sysmon_id_1.xml:668:  <rule id="92062" level="14">
/var/ossec/ruleset/rules/0800-sysmon_id_1.xml:681:  <rule id="92063" level="6">
/var/ossec/ruleset/rules/0800-sysmon_id_1.xml:691:  <rule id="92064" level="15">
/var/ossec/ruleset/rules/0800-sysmon_id_1.xml:702:  <rule id="92065" level="6">
/var/ossec/ruleset/rules/0800-sysmon_id_1.xml:713:  <rule id="92066" level="4">
/var/ossec/ruleset/rules/0800-sysmon_id_1.xml:724:  <rule id="92067" level="6">
/var/ossec/ruleset/rules/0800-sysmon_id_1.xml:734:  <rule id="92068" level="3">
/var/ossec/ruleset/rules/0800-sysmon_id_1.xml:744:  <rule id="92069" level="0">
/var/ossec/ruleset/rules/0800-sysmon_id_1.xml:754:  <rule id="92070" level="6">
/var/ossec/ruleset/rules/0800-sysmon_id_1.xml:765:  <rule id="92071" level="12">
/var/ossec/ruleset/rules/0800-sysmon_id_1.xml:776:  <rule id="92072" level="4">
/var/ossec/ruleset/rules/0800-sysmon_id_1.xml:786:  <rule id="92073" level="6">

### Recent Sysmon Event ID 3 archived records (read-only)
{"timestamp":"2026-08-16T00:30:02.871+0000","rule":null,"source":"10.0.2.15","dest":"4.150.223.111","port":"443","protocol":"tcp","raw":"{\"win\":{\"system\":{\"providerName\":\"Microsoft-Windows-Sysmon\",\"providerGuid\":\"{5770385f-c22a-43e0-bf4c-06f5698ffbd9}\",\"eventID\":\"3\",\"version\":\"5\",\"level\":\"4\",\"task\":\"3\",\"opcode\":\"0\",\"keywords\":\"0x8000000000000000\",\"systemTime\":\"2026-08-16T00:30:02.2760027Z\",\"eventRecordID\":\"96339\",\"processID\":\"3316\",\"threadID\":\"4744\",\"channel\":\"Microsoft-Windows-Sysmon/Operational\",\"computer\":\"WIN11-ENDPOINT\",\"severityValue\":\"INFORMATION\",\"message\":\"\\\"Network connection detected:\\r\\nRuleName: technique_id=T1036,technique_name=Masquerading\\r\\nUtcTime: 2026-08-16 00:29:59.205\\r\\nProcessGuid: {0f9bb64c-fd79-6a80-4000-000000002500}\\r\\nProcessId: 3256\\r\\nImage: C:\\\\ProgramData\\\\Microsoft\\\\Windows Defender\\\\Platform\\\\4.18.26070.9-0\\\\MpDefenderCoreService.exe\\r\\nUser: NT AUTHORITY\\\\SYSTEM\\r\\nProtocol: tcp\\r\\nInitiated: true\\r\\nSourceIsIpv6: false\\r\\nSourceIp: 10.0.2.15\\r\\nSourceHostname: -\\r\\nSourcePort: 58138\\r\\nSourcePortName: -\\r\\nDestinationIsIpv6: false\\r\\nDestinationIp: 4.150.223.111\\r\\nDestinationHostname: -\\r\\nDestinationPort: 443\\r\\nDestinationPortName: -\\\"\"},\"eventdata\":{\"ruleName\":\"technique_id=T1036,technique_name=Masquerading\",\"utcTime\":\"2026-08-16 00:29:59.205\",\"processGuid\":\"{0f9bb64c-fd79-6a80-4000-000000002500}\",\"processId\":\"3256\",\"image\":\"C:\\\\\\\\ProgramData\\\\\\\\Microsoft\\\\\\\\Windows Defender\\\\\\\\Platform\\\\\\\\4.18.26070.9-0\\\\\\\\MpDefenderCoreService.exe\",\"user\":\"NT AUTHORITY\\\\\\\\SYSTEM\",\"protocol\":\"tcp\",\"initiated\":\"true\",\"sourceIsIpv6\":\"false\",\"sourceIp\":\"10.0.2.15\",\"sourcePort\":\"58138\",\"destinationIsIpv6\":\"false\",\"destinationIp\":\"4.150.223.111\",\"destinationPort\":\"443\"}}}"}
{"timestamp":"2026-08-16T00:31:11.136+0000","rule":null,"source":"10.0.2.15","dest":"52.123.247.43","port":"443","protocol":"tcp","raw":"{\"win\":{\"system\":{\"providerName\":\"Microsoft-Windows-Sysmon\",\"providerGuid\":\"{5770385f-c22a-43e0-bf4c-06f5698ffbd9}\",\"eventID\":\"3\",\"version\":\"5\",\"level\":\"4\",\"task\":\"3\",\"opcode\":\"0\",\"keywords\":\"0x8000000000000000\",\"systemTime\":\"2026-08-16T00:31:10.4973483Z\",\"eventRecordID\":\"96359\",\"processID\":\"3316\",\"threadID\":\"4744\",\"channel\":\"Microsoft-Windows-Sysmon/Operational\",\"computer\":\"WIN11-ENDPOINT\",\"severityValue\":\"INFORMATION\",\"message\":\"\\\"Network connection detected:\\r\\nRuleName: technique_id=T1036,technique_name=Masquerading\\r\\nUtcTime: 2026-08-16 00:31:07.629\\r\\nProcessGuid: {0f9bb64c-fd79-6a80-4000-000000002500}\\r\\nProcessId: 3256\\r\\nImage: C:\\\\ProgramData\\\\Microsoft\\\\Windows Defender\\\\Platform\\\\4.18.26070.9-0\\\\MpDefenderCoreService.exe\\r\\nUser: NT AUTHORITY\\\\SYSTEM\\r\\nProtocol: tcp\\r\\nInitiated: true\\r\\nSourceIsIpv6: false\\r\\nSourceIp: 10.0.2.15\\r\\nSourceHostname: -\\r\\nSourcePort: 58147\\r\\nSourcePortName: -\\r\\nDestinationIsIpv6: false\\r\\nDestinationIp: 52.123.247.43\\r\\nDestinationHostname: -\\r\\nDestinationPort: 443\\r\\nDestinationPortName: -\\\"\"},\"eventdata\":{\"ruleName\":\"technique_id=T1036,technique_name=Masquerading\",\"utcTime\":\"2026-08-16 00:31:07.629\",\"processGuid\":\"{0f9bb64c-fd79-6a80-4000-000000002500}\",\"processId\":\"3256\",\"image\":\"C:\\\\\\\\ProgramData\\\\\\\\Microsoft\\\\\\\\Windows Defender\\\\\\\\Platform\\\\\\\\4.18.26070.9-0\\\\\\\\MpDefenderCoreService.exe\",\"user\":\"NT AUTHORITY\\\\\\\\SYSTEM\",\"protocol\":\"tcp\",\"initiated\":\"true\",\"sourceIsIpv6\":\"false\",\"sourceIp\":\"10.0.2.15\",\"sourcePort\":\"58147\",\"destinationIsIpv6\":\"false\",\"destinationIp\":\"52.123.247.43\",\"destinationPort\":\"443\"}}}"}
{"timestamp":"2026-08-16T00:33:50.046+0000","rule":null,"source":"224.0.0.251","dest":"192.168.56.1","port":"5353","protocol":"udp","raw":"{\"win\":{\"system\":{\"providerName\":\"Microsoft-Windows-Sysmon\",\"providerGuid\":\"{5770385f-c22a-43e0-bf4c-06f5698ffbd9}\",\"eventID\":\"3\",\"version\":\"5\",\"level\":\"4\",\"task\":\"3\",\"opcode\":\"0\",\"keywords\":\"0x8000000000000000\",\"systemTime\":\"2026-08-16T00:33:49.3427465Z\",\"eventRecordID\":\"96422\",\"processID\":\"3316\",\"threadID\":\"4744\",\"channel\":\"Microsoft-Windows-Sysmon/Operational\",\"computer\":\"WIN11-ENDPOINT\",\"severityValue\":\"INFORMATION\",\"message\":\"\\\"Network connection detected:\\r\\nRuleName: technique_id=T1571,technique_name=Non-Standard Port\\r\\nUtcTime: 2026-08-16 00:33:45.612\\r\\nProcessGuid: {0f9bb64c-fd78-6a80-2900-000000002500}\\r\\nProcessId: 2132\\r\\nImage: C:\\\\Windows\\\\System32\\\\svchost.exe\\r\\nUser: NT AUTHORITY\\\\NETWORK SERVICE\\r\\nProtocol: udp\\r\\nInitiated: false\\r\\nSourceIsIpv6: false\\r\\nSourceIp: 224.0.0.251\\r\\nSourceHostname: -\\r\\nSourcePort: 5353\\r\\nSourcePortName: -\\r\\nDestinationIsIpv6: false\\r\\nDestinationIp: 192.168.56.1\\r\\nDestinationHostname: -\\r\\nDestinationPort: 5353\\r\\nDestinationPortName: -\\\"\"},\"eventdata\":{\"ruleName\":\"technique_id=T1571,technique_name=Non-Standard Port\",\"utcTime\":\"2026-08-16 00:33:45.612\",\"processGuid\":\"{0f9bb64c-fd78-6a80-2900-000000002500}\",\"processId\":\"2132\",\"image\":\"C:\\\\\\\\Windows\\\\\\\\System32\\\\\\\\svchost.exe\",\"user\":\"NT AUTHORITY\\\\\\\\NETWORK SERVICE\",\"protocol\":\"udp\",\"initiated\":\"false\",\"sourceIsIpv6\":\"false\",\"sourceIp\":\"224.0.0.251\",\"sourcePort\":\"5353\",\"destinationIsIpv6\":\"false\",\"destinationIp\":\"192.168.56.1\",\"destinationPort\":\"5353\"}}}"}
{"timestamp":"2026-08-16T00:33:50.088+0000","rule":null,"source":"224.0.0.251","dest":"192.168.57.1","port":"5353","protocol":"udp","raw":"{\"win\":{\"system\":{\"providerName\":\"Microsoft-Windows-Sysmon\",\"providerGuid\":\"{5770385f-c22a-43e0-bf4c-06f5698ffbd9}\",\"eventID\":\"3\",\"version\":\"5\",\"level\":\"4\",\"task\":\"3\",\"opcode\":\"0\",\"keywords\":\"0x8000000000000000\",\"systemTime\":\"2026-08-16T00:33:49.3427748Z\",\"eventRecordID\":\"96423\",\"processID\":\"3316\",\"threadID\":\"4744\",\"channel\":\"Microsoft-Windows-Sysmon/Operational\",\"computer\":\"WIN11-ENDPOINT\",\"severityValue\":\"INFORMATION\",\"message\":\"\\\"Network connection detected:\\r\\nRuleName: technique_id=T1571,technique_name=Non-Standard Port\\r\\nUtcTime: 2026-08-16 00:33:45.644\\r\\nProcessGuid: {0f9bb64c-fd78-6a80-2900-000000002500}\\r\\nProcessId: 2132\\r\\nImage: C:\\\\Windows\\\\System32\\\\svchost.exe\\r\\nUser: NT AUTHORITY\\\\NETWORK SERVICE\\r\\nProtocol: udp\\r\\nInitiated: false\\r\\nSourceIsIpv6: false\\r\\nSourceIp: 224.0.0.251\\r\\nSourceHostname: -\\r\\nSourcePort: 5353\\r\\nSourcePortName: -\\r\\nDestinationIsIpv6: false\\r\\nDestinationIp: 192.168.57.1\\r\\nDestinationHostname: -\\r\\nDestinationPort: 5353\\r\\nDestinationPortName: -\\\"\"},\"eventdata\":{\"ruleName\":\"technique_id=T1571,technique_name=Non-Standard Port\",\"utcTime\":\"2026-08-16 00:33:45.644\",\"processGuid\":\"{0f9bb64c-fd78-6a80-2900-000000002500}\",\"processId\":\"2132\",\"image\":\"C:\\\\\\\\Windows\\\\\\\\System32\\\\\\\\svchost.exe\",\"user\":\"NT AUTHORITY\\\\\\\\NETWORK SERVICE\",\"protocol\":\"udp\",\"initiated\":\"false\",\"sourceIsIpv6\":\"false\",\"sourceIp\":\"224.0.0.251\",\"sourcePort\":\"5353\",\"destinationIsIpv6\":\"false\",\"destinationIp\":\"192.168.57.1\",\"destinationPort\":\"5353\"}}}"}
